2015-12-26 16:36:09 ::1 GET localhost/ 200 18ms
2015-12-26 16:36:09 ::1 GET localhost/ 200 11ms
2015-12-26 16:36:09 ::1 GET localhost/ 200 7ms
2015-12-26 16:36:14 ::1 GET localhost/ 200 6ms
2015-12-26 16:36:14 ::1 GET localhost/ 200 5ms
2015-12-26 16:36:14 ::1 GET localhost/ 200 12ms
2015-12-26 16:36:14 ::1 GET localhost/ 200 13ms
2015-12-26 16:36:59 ::1 GET localhost/test 404 1ms
2015-12-26 16:37:19 ::1 GET localhost/test 404 1ms
2015-12-26 16:37:40 ::1 GET localhost/test 404 1ms
2015-12-26 16:37:40 ::1 GET localhost/test 404 0ms
2015-12-26 16:37:43 ::1 GET localhost/test 404 0ms
2015-12-26 16:37:44 ::1 GET localhost/test 404 1ms
2015-12-26 16:37:44 ::1 GET localhost/test 404 0ms
2015-12-26 16:37:44 ::1 GET localhost/test 404 0ms
2015-12-26 16:37:44 ::1 GET localhost/test 404 0ms
2015-12-26 16:37:44 ::1 GET localhost/test 404 0ms
2015-12-26 16:37:45 ::1 GET localhost/test 404 1ms
2015-12-26 16:37:45 ::1 GET localhost/test 404 1ms
2015-12-26 16:37:45 ::1 GET localhost/test 404 0ms
2015-12-26 16:37:45 ::1 GET localhost/test 404 0ms
2015-12-26 16:37:54 ::1 GET localhost/test 404 1ms
2015-12-26 16:37:54 ::1 GET localhost/test 404 1ms
2015-12-26 16:37:54 ::1 GET localhost/test 404 0ms
2015-12-26 16:37:55 ::1 GET localhost/test 404 0ms
2015-12-26 16:37:56 ::1 GET localhost/test 404 0ms
2015-12-26 16:37:56 ::1 GET localhost/test 404 1ms
2015-12-26 16:37:56 ::1 GET localhost/test 404 1ms
2015-12-26 16:37:56 ::1 GET localhost/test 404 0ms
2015-12-26 16:37:59 ::1 GET localhost/test 404 0ms
2015-12-26 16:38:00 ::1 GET localhost/test 404 0ms
2015-12-26 16:38:00 ::1 GET localhost/test 404 0ms
2015-12-26 16:38:00 ::1 GET localhost/test 404 0ms
2015-12-26 16:38:01 ::1 GET localhost/test 404 0ms
2015-12-26 16:38:01 ::1 GET localhost/test 404 1ms
2015-12-26 16:38:02 ::1 GET localhost/test 404 0ms
2015-12-26 16:38:02 ::1 GET localhost/test 404 0ms
2015-12-26 16:38:03 ::1 GET localhost/test 404 0ms
2015-12-26 16:38:03 ::1 GET localhost/test 404 0ms
2015-12-26 16:38:03 ::1 GET localhost/test 404 1ms
2015-12-26 16:38:03 ::1 GET localhost/test 404 1ms
2015-12-26 16:38:04 ::1 GET localhost/test 404 0ms
2015-12-26 16:38:05 ::1 GET localhost/test 404 1ms
2015-12-26 16:38:06 ::1 GET localhost/test 404 0ms
2015-12-26 16:38:07 ::1 GET localhost/test 404 0ms
2015-12-26 16:38:08 ::1 GET localhost/test 404 1ms
2015-12-26 16:38:09 ::1 GET localhost/test 404 0ms
2015-12-26 16:38:10 ::1 GET localhost/test 404 0ms
2015-12-26 16:39:02 ::1 GET localhost/test 404 0ms
2015-12-26 16:39:53 ::1 GET localhost/test 404 1ms
2015-12-26 16:39:57 ::1 GET localhost/test 404 0ms
2015-12-26 16:39:57 ::1 GET localhost/test 404 0ms
2015-12-26 16:39:58 ::1 GET localhost/test 404 0ms
2015-12-26 16:39:58 ::1 GET localhost/test 404 0ms
2015-12-26 16:39:58 ::1 GET localhost/test 404 0ms
2015-12-26 16:39:58 ::1 GET localhost/test 404 0ms
2015-12-26 16:39:58 ::1 GET localhost/test 404 0ms
2015-12-26 16:40:02 ::1 GET localhost/test 404 0ms
2015-12-26 16:40:03 ::1 GET localhost/test 404 1ms
2015-12-26 16:40:03 ::1 GET localhost/test 404 0ms
2015-12-26 16:40:03 ::1 GET localhost/test 404 0ms
2015-12-26 16:40:09 ::1 GET localhost/test 404 0ms
2015-12-26 16:40:09 ::1 GET localhost/test 404 0ms
2015-12-26 16:40:10 ::1 GET localhost/test 404 1ms
2015-12-26 16:40:10 ::1 GET localhost/test 404 0ms
2015-12-26 16:40:10 ::1 GET localhost/test 404 0ms
2015-12-26 16:40:15 ::1 GET localhost/test 404 0ms
2015-12-26 16:40:15 ::1 GET localhost/test 404 0ms
2015-12-26 16:40:15 ::1 GET localhost/test 404 0ms
2015-12-26 16:40:15 ::1 GET localhost/test 404 0ms
2015-12-26 16:40:16 ::1 GET localhost/test 404 0ms
2015-12-26 16:40:16 ::1 GET localhost/test 404 1ms
2015-12-26 16:40:16 ::1 GET localhost/test 404 0ms
2015-12-26 16:40:16 ::1 GET localhost/test 404 0ms
2015-12-26 16:40:20 ::1 GET localhost/test 404 0ms
2015-12-26 16:41:54 ::ffff:127.0.0.1 GET localhost/test 404 4ms
2015-12-26 16:41:56 ::ffff:127.0.0.1 GET localhost/user 200 9ms
2015-12-26 16:42:55 ::1 GET localhost/user 200 12ms
2015-12-26 16:42:56 ::1 GET localhost/user 200 3ms
2015-12-26 16:44:01 ::1 GET localhost/user 200 2ms
2015-12-26 16:44:04 ::1 GET localhost/user 200 4ms
2015-12-26 16:44:07 ::1 GET localhost/user 200 3ms
2015-12-26 16:44:08 ::1 GET localhost/user 200 2ms
2015-12-26 16:44:08 ::1 GET localhost/user 200 5ms
2015-12-26 16:44:08 ::1 GET localhost/user 200 4ms
2015-12-26 16:44:08 ::1 GET localhost/user 200 7ms
2015-12-26 16:44:11 ::1 GET localhost/user 200 1ms
2015-12-26 16:44:14 ::1 GET localhost/user 200 3ms
2015-12-26 16:44:17 ::1 GET localhost/user 200 2ms
2015-12-26 17:27:20 ::1 GET localhost/user 200 3ms
2015-12-26 17:27:22 ::1 GET localhost/user 200 2ms
2015-12-26 17:27:22 ::1 GET localhost/user 200 2ms
2015-12-26 17:27:23 ::1 GET localhost/user 200 2ms
2015-12-26 17:27:23 ::1 GET localhost/user 200 3ms
2015-12-26 17:27:23 ::1 GET localhost/user 200 2ms
2015-12-26 17:27:23 ::1 GET localhost/user 200 3ms
2015-12-26 17:27:25 ::1 GET localhost/user 200 3ms
2015-12-26 17:27:26 ::1 GET localhost/user 200 1ms
2015-12-26 17:27:26 ::1 GET localhost/user 200 3ms
2015-12-26 17:27:26 ::1 GET localhost/user 200 1ms
2015-12-26 17:27:27 ::1 GET localhost/user 200 2ms
2015-12-26 17:27:30 ::1 GET localhost/user 200 2ms
2015-12-26 17:27:30 ::1 GET localhost/user 200 2ms
2015-12-26 17:27:30 ::1 GET localhost/user 200 3ms
2015-12-26 17:27:55 ::1 GET localhost/user 200 1ms
2015-12-26 17:27:58 ::1 GET localhost/user 200 1ms
2015-12-26 17:31:53 ::1 GET localhost/user 200 2ms
2015-12-26 17:32:10 ::1 GET localhost/user 200 2ms
2015-12-26 17:32:11 ::1 GET localhost/user 200 1ms
2015-12-26 17:32:12 ::1 GET localhost/user 200 3ms
2015-12-26 17:32:52 ::1 GET localhost/user 200 2ms
2015-12-26 17:32:56 ::1 GET localhost/user 200 2ms
2015-12-26 17:32:56 ::1 GET localhost/user 200 2ms
2015-12-26 17:33:03 ::1 GET localhost/user 200 2ms
2015-12-26 17:33:05 ::1 GET localhost/ 200 9ms
2015-12-26 17:33:07 ::1 GET localhost/ 200 6ms
2015-12-26 17:33:07 ::1 GET localhost/ 200 6ms
2015-12-26 17:33:08 ::1 GET localhost/ 200 4ms
2015-12-26 17:33:08 ::1 GET localhost/ 200 4ms
2015-12-26 17:33:08 ::1 GET localhost/ 200 12ms
2015-12-26 17:33:08 ::1 GET localhost/ 200 12ms
2015-12-26 17:33:08 ::1 GET localhost/ 200 5ms
2015-12-26 17:33:08 ::1 GET localhost/ 200 4ms
2015-12-26 17:33:09 ::1 GET localhost/ 200 4ms
2015-12-26 17:33:12 ::1 GET localhost/ 200 2ms
2015-12-26 17:33:13 ::1 GET localhost/ 200 7ms
2015-12-26 17:33:13 ::1 GET localhost/ 200 4ms
2015-12-26 17:33:13 ::1 GET localhost/ 200 3ms
2015-12-26 17:33:13 ::1 GET localhost/ 200 4ms
2015-12-26 17:33:13 ::1 GET localhost/ 200 3ms
2015-12-26 17:33:16 ::1 GET localhost/ 200 3ms
2015-12-26 17:33:18 ::1 GET localhost/ 200 2ms
2015-12-26 17:33:25 ::1 GET localhost/ 200 4ms
2015-12-26 17:33:28 ::1 GET localhost/ 200 3ms
2015-12-26 17:33:29 ::1 GET localhost/ 200 5ms
2015-12-26 17:33:30 ::1 GET localhost/ 200 2ms
2015-12-26 17:33:31 ::1 GET localhost/ 200 3ms
2015-12-26 17:33:31 ::1 GET localhost/ 200 3ms
2015-12-26 17:33:32 ::1 GET localhost/ 200 4ms
2015-12-26 17:33:32 ::1 GET localhost/ 200 3ms
2015-12-26 17:33:32 ::1 GET localhost/ 200 7ms
2015-12-26 17:33:32 ::1 GET localhost/ 200 3ms
2015-12-26 17:33:32 ::1 GET localhost/ 200 6ms
2015-12-26 17:33:33 ::1 GET localhost/ 200 4ms
2015-12-26 17:33:34 ::1 GET localhost/ 200 2ms
2015-12-26 17:33:36 ::1 GET localhost/ 200 2ms
2015-12-26 17:38:37 ::1 GET localhost/ 200 3ms
2015-12-26 17:38:38 ::1 GET localhost/ 200 2ms
2015-12-26 17:38:39 ::1 GET localhost/ 200 3ms
2015-12-26 17:38:39 ::1 GET localhost/ 200 2ms
2015-12-26 17:38:46 ::1 GET localhost/ 200 3ms
2015-12-26 17:38:55 ::ffff:127.0.0.1 GET localhost/ 200 37ms
2015-12-26 17:38:57 ::ffff:127.0.0.1 GET localhost/ 200 7ms
2015-12-26 17:39:13 ::ffff:127.0.0.1 GET localhost/ 200 7ms
2015-12-26 17:39:16 ::ffff:127.0.0.1 GET localhost/ 200 5ms
2015-12-26 17:44:29 ::1 GET localhost/ 200 18ms
2015-12-26 17:44:31 ::1 GET localhost/ 200 8ms
2015-12-26 17:44:35 ::1 GET localhost/user 200 4ms
2015-12-26 17:44:37 ::1 GET localhost/user 200 2ms
2015-12-26 17:44:57 ::1 GET localhost/user 200 2ms
2015-12-26 17:45:01 ::1 GET localhost/user 200 2ms
2015-12-26 17:55:47 ::1 GET localhost/user 200 14ms
2015-12-26 17:55:48 ::1 GET localhost/user 200 3ms
2015-12-26 17:55:49 ::1 GET localhost/user 200 3ms
2015-12-26 17:55:49 ::1 GET localhost/user 200 3ms
2015-12-26 17:55:49 ::1 GET localhost/user 200 3ms
2015-12-26 17:55:50 ::1 GET localhost/user 200 3ms
2015-12-26 17:55:51 ::1 GET localhost/user 200 4ms
2015-12-26 17:55:51 ::1 GET localhost/user 200 3ms
2015-12-26 17:55:51 ::1 GET localhost/user 200 7ms
2015-12-26 17:55:52 ::1 GET localhost/user 200 2ms
2015-12-26 17:55:54 ::1 GET localhost/user 200 2ms
2015-12-26 17:55:55 ::1 GET localhost/user 200 3ms
2015-12-26 17:56:02 ::1 GET localhost/user 200 3ms
2015-12-26 18:01:12 ::1 GET localhost/user 200 14ms
2015-12-26 18:01:12 ::1 GET localhost/user 200 5ms
2015-12-26 18:01:14 ::1 GET localhost/user 200 2ms
2015-12-26 18:04:11 ::ffff:127.0.0.1 GET localhost/user 200 40ms
2015-12-26 18:04:13 ::ffff:127.0.0.1 GET localhost/ 200 10ms
2015-12-26 18:04:15 ::ffff:127.0.0.1 GET localhost/ 200 6ms
2015-12-26 18:04:15 ::ffff:127.0.0.1 GET localhost/ 200 6ms
2015-12-26 18:04:16 ::ffff:127.0.0.1 GET localhost/ 200 5ms
2015-12-26 18:04:16 ::ffff:127.0.0.1 GET localhost/ 200 10ms
2015-12-26 18:04:16 ::ffff:127.0.0.1 GET localhost/ 200 11ms
2015-12-26 18:04:16 ::ffff:127.0.0.1 GET localhost/ 200 11ms
2015-12-26 18:04:17 ::ffff:127.0.0.1 GET localhost/ 200 6ms
2015-12-26 18:04:18 ::ffff:127.0.0.1 GET localhost/ 200 5ms
2015-12-26 18:04:18 ::ffff:127.0.0.1 GET localhost/ 200 3ms
2015-12-26 18:04:18 ::ffff:127.0.0.1 GET localhost/ 200 5ms
2015-12-26 18:04:18 ::ffff:127.0.0.1 GET localhost/ 200 4ms
2015-12-26 18:04:19 ::ffff:127.0.0.1 GET localhost/ 200 3ms
2015-12-26 18:05:12 ::ffff:127.0.0.1 GET localhost/ 200 29ms
2015-12-26 18:06:10 ::ffff:127.0.0.1 GET localhost/ 200 53ms
2015-12-26 18:06:44 ::ffff:127.0.0.1 GET localhost/ 200 37ms
2015-12-26 18:07:18 ::ffff:127.0.0.1 GET localhost/ 200 7793ms
2015-12-26 18:30:26 ::1 GET localhost/ 200 19ms
2015-12-26 18:30:27 ::1 GET localhost/ 200 7ms
2015-12-26 18:30:57 ::ffff:127.0.0.1 GET localhost/ 200 48ms
2015-12-26 18:31:34 ::ffff:127.0.0.1 GET localhost/ 200 53ms
2015-12-26 18:31:36 ::ffff:127.0.0.1 GET localhost/ 200 9ms
2015-12-26 18:32:31 ::ffff:127.0.0.1 GET localhost/ 200 5ms
2015-12-26 18:32:34 ::ffff:127.0.0.1 GET localhost/user 200 3ms
2015-12-26 18:32:37 ::ffff:127.0.0.1 GET localhost/user 200 4ms
2015-12-26 18:33:59 ::ffff:127.0.0.1 GET localhost/user 200 2ms
2015-12-26 20:07:20 ::1 GET localhost/user 200 32ms
2015-12-26 20:07:21 ::1 GET localhost/user 200 3ms
2015-12-26 22:01:46 ::1 GET localhost/ 200 34ms
2015-12-26 22:01:57 ::ffff:127.0.0.1 GET localhost/ 200 48ms
2015-12-26 22:01:59 ::ffff:127.0.0.1 GET localhost/ 200 8ms
2015-12-26 22:01:59 ::ffff:127.0.0.1 GET localhost/ 200 5ms
2015-12-26 22:02:00 ::ffff:127.0.0.1 GET localhost/ 200 7ms
2015-12-26 22:02:00 ::ffff:127.0.0.1 GET localhost/ 200 6ms
2015-12-26 22:02:00 ::ffff:127.0.0.1 GET localhost/ 200 13ms
2015-12-26 22:02:00 ::ffff:127.0.0.1 GET localhost/ 200 9ms
2015-12-26 22:02:19 ::ffff:127.0.0.1 GET localhost/ 200 53ms
2015-12-26 22:02:27 ::1 GET localhost/ 200 8ms
2015-12-26 22:18:06 ::1 GET localhost/user 404 7ms
2015-12-26 22:21:13 ::1 GET localhost/user 200 16ms
2015-12-26 22:24:58 ::ffff:127.0.0.1 GET localhost/user 200 49ms
2015-12-26 22:36:01 ::1 GET localhost/user 200 15ms
2015-12-26 22:36:07 ::1 GET localhost/user 200 4ms
2015-12-26 22:36:09 ::1 GET localhost/user 200 3ms
2015-12-26 22:36:58 ::1 GET localhost/user 200 10ms
2015-12-26 22:36:59 ::1 GET localhost/user 200 8ms
2015-12-26 22:37:00 ::1 GET localhost/user 200 7ms
2015-12-26 22:37:26 ::ffff:127.0.0.1 GET localhost/user 200 36ms
2015-12-26 22:37:29 ::ffff:127.0.0.1 GET localhost/user 200 7ms
2015-12-26 22:37:31 ::ffff:127.0.0.1 GET localhost/user 200 4ms
2015-12-26 22:37:31 ::ffff:127.0.0.1 GET localhost/user 200 5ms
2015-12-26 22:37:49 ::ffff:127.0.0.1 GET localhost/user 200 6ms
2015-12-26 22:38:39 ::ffff:127.0.0.1 GET localhost/user 200 11ms
2015-12-26 22:38:41 ::ffff:127.0.0.1 GET localhost/user 200 11ms
2015-12-26 22:38:41 ::ffff:127.0.0.1 GET localhost/user 200 6ms
2015-12-26 22:38:42 ::ffff:127.0.0.1 GET localhost/user 200 3ms
2015-12-26 22:38:44 ::ffff:127.0.0.1 GET localhost/user 200 7ms
2015-12-26 22:42:58 ::1 GET localhost/user 200 43ms
2015-12-26 22:50:40 ::ffff:127.0.0.1 GET localhost/user 200 34ms
2015-12-26 22:50:43 ::ffff:127.0.0.1 GET localhost/user 200 7ms
2015-12-26 22:50:44 ::ffff:127.0.0.1 GET localhost/user 200 7ms
2015-12-26 22:50:44 ::ffff:127.0.0.1 GET localhost/user 200 7ms
2015-12-26 22:50:45 ::ffff:127.0.0.1 GET localhost/user 200 6ms
2015-12-26 22:50:45 ::ffff:127.0.0.1 GET localhost/user 200 15ms
2015-12-26 22:50:45 ::ffff:127.0.0.1 GET localhost/user 200 17ms
2015-12-26 22:50:46 ::ffff:127.0.0.1 GET localhost/user 200 8ms
2015-12-26 22:50:46 ::ffff:127.0.0.1 GET localhost/user 200 3ms
2015-12-26 22:50:47 ::ffff:127.0.0.1 GET localhost/user 200 7ms
2015-12-26 22:50:47 ::ffff:127.0.0.1 GET localhost/user 200 4ms
2015-12-26 22:50:47 ::ffff:127.0.0.1 GET localhost/user 200 7ms
2015-12-26 22:50:48 ::ffff:127.0.0.1 GET localhost/user 200 5ms
2015-12-26 22:50:48 ::ffff:127.0.0.1 GET localhost/user 200 5ms
2015-12-26 22:50:49 ::ffff:127.0.0.1 GET localhost/user 200 4ms
2015-12-26 22:57:18 ::ffff:127.0.0.1 GET localhost/user 200 31ms
2015-12-26 22:58:02 ::ffff:127.0.0.1 GET localhost/user 200 57ms
2015-12-26 23:00:01 ::ffff:127.0.0.1 GET localhost/user 200 39ms
2015-12-26 23:08:11 ::ffff:127.0.0.1 GET localhost/user 200 21ms
2015-12-26 23:14:18 ::1 GET localhost/user 200 22ms
2015-12-26 23:15:01 ::1 GET localhost/user 200 20ms
2015-12-26 23:19:19 ::1 GET localhost/user 200 20ms
2015-12-26 23:19:20 ::1 GET localhost/user 200 6ms
2015-12-26 23:20:18 ::ffff:127.0.0.1 GET localhost/user 200 19ms
2015-12-26 23:20:20 ::ffff:127.0.0.1 GET localhost/user 200 8ms
2015-12-26 23:20:21 ::ffff:127.0.0.1 GET localhost/user 200 5ms
2015-12-26 23:20:21 ::ffff:127.0.0.1 GET localhost/user 200 9ms
2015-12-26 23:20:22 ::ffff:127.0.0.1 GET localhost/user 200 6ms
2015-12-26 23:20:22 ::ffff:127.0.0.1 GET localhost/user 200 10ms
2015-12-26 23:20:22 ::ffff:127.0.0.1 GET localhost/user 200 15ms
2015-12-26 23:20:22 ::ffff:127.0.0.1 GET localhost/user 200 7ms
2015-12-26 23:20:23 ::ffff:127.0.0.1 GET localhost/user 200 5ms
2015-12-26 23:20:23 ::ffff:127.0.0.1 GET localhost/user 200 8ms
2015-12-26 23:20:23 ::ffff:127.0.0.1 GET localhost/user 200 5ms
2015-12-26 23:20:24 ::ffff:127.0.0.1 GET localhost/user 200 5ms
2015-12-26 23:20:24 ::1 GET localhost/user 200 5ms
2015-12-26 23:20:24 ::1 GET localhost/user 200 4ms
2015-12-26 23:20:25 ::1 GET localhost/user 200 7ms
2015-12-26 23:20:25 ::1 GET localhost/user 200 5ms
2015-12-26 23:25:18 ::1 GET localhost/user 200 23ms
2015-12-26 23:25:29 ::1 GET localhost/user 200 10ms
2015-12-26 23:25:30 ::1 GET localhost/user 200 8ms
2015-12-26 23:25:30 ::1 GET localhost/user 200 7ms
2015-12-26 23:25:31 ::1 GET localhost/user 200 7ms
2015-12-26 23:25:31 ::1 GET localhost/user 200 11ms
2015-12-26 23:25:32 ::1 GET localhost/user 200 11ms
2015-12-26 23:25:32 ::1 GET localhost/user 200 7ms
2015-12-26 23:25:33 ::1 GET localhost/user 200 7ms
2015-12-26 23:25:33 ::1 GET localhost/user 200 7ms
2015-12-26 23:25:34 ::1 GET localhost/user 200 4ms
2015-12-26 23:25:34 ::1 GET localhost/user 200 6ms
2015-12-26 23:25:34 ::1 GET localhost/user 200 5ms
2015-12-26 23:25:34 ::1 GET localhost/user 200 4ms
2015-12-26 23:25:49 ::1 GET localhost/user 200 25ms
2015-12-26 23:25:50 ::1 GET localhost/user 200 8ms
2015-12-26 23:25:51 ::1 GET localhost/user 200 7ms
2015-12-26 23:25:52 ::1 GET localhost/user 200 5ms
2015-12-26 23:25:52 ::1 GET localhost/user 200 8ms
2015-12-26 23:25:53 ::1 GET localhost/user 200 12ms
2015-12-26 23:26:06 ::1 GET localhost/user 200 23ms
2015-12-26 23:26:07 ::1 GET localhost/user 200 9ms
2015-12-26 23:26:08 ::1 GET localhost/user 200 7ms
2015-12-26 23:26:09 ::1 GET localhost/user 200 8ms
2015-12-26 23:26:09 ::1 GET localhost/user 200 6ms
2015-12-26 23:26:10 ::1 GET localhost/user 200 11ms
2015-12-26 23:26:10 ::1 GET localhost/user 200 14ms
2015-12-26 23:26:11 ::1 GET localhost/user 200 7ms
2015-12-26 23:26:11 ::1 GET localhost/user 200 3ms
2015-12-26 23:26:12 ::1 GET localhost/user 200 6ms
2015-12-26 23:26:12 ::1 GET localhost/user 200 4ms
2015-12-26 23:26:13 ::1 GET localhost/user 200 4ms
2015-12-26 23:26:13 ::1 GET localhost/user 200 3ms
2015-12-26 23:26:13 ::1 GET localhost/user 200 4ms
2015-12-26 23:26:14 ::1 GET localhost/user 200 3ms
2015-12-26 23:26:14 ::1 GET localhost/user 200 4ms
2015-12-26 23:26:14 ::1 GET localhost/user 200 5ms
2015-12-26 23:26:15 ::1 GET localhost/user 200 4ms
2015-12-26 23:26:15 ::1 GET localhost/user 200 6ms
2015-12-26 23:26:15 ::1 GET localhost/user 200 5ms
2015-12-26 23:26:16 ::1 GET localhost/user 200 4ms
2015-12-26 23:26:17 ::1 GET localhost/user 200 7ms
2015-12-26 23:26:17 ::1 GET localhost/user 200 4ms
2015-12-26 23:26:17 ::1 GET localhost/user 200 3ms
2015-12-26 23:26:18 ::1 GET localhost/user 200 7ms
2015-12-26 23:26:18 ::1 GET localhost/user 200 5ms
2015-12-26 23:26:18 ::1 GET localhost/user 200 5ms
2015-12-26 23:26:19 ::1 GET localhost/user 200 3ms
2015-12-26 23:26:19 ::1 GET localhost/user 200 6ms
2015-12-26 23:26:19 ::1 GET localhost/user 200 4ms
2015-12-26 23:26:45 ::1 GET localhost/user 200 28ms
2015-12-26 23:26:47 ::1 GET localhost/user 200 13ms
2015-12-26 23:26:47 ::1 GET localhost/user 200 16ms
2015-12-26 23:26:48 ::1 GET localhost/user 200 16ms
2015-12-26 23:26:48 ::1 GET localhost/user 200 8ms
2015-12-26 23:26:49 ::1 GET localhost/user 200 9ms
2015-12-26 23:26:49 ::1 GET localhost/user 200 11ms
2015-12-26 23:26:49 ::1 GET localhost/user 200 7ms
2015-12-26 23:26:50 ::1 GET localhost/user 200 9ms
2015-12-26 23:26:50 ::1 GET localhost/user 200 9ms
2015-12-26 23:26:50 ::1 GET localhost/user 200 11ms
2015-12-26 23:26:51 ::1 GET localhost/user 200 8ms
2015-12-26 23:26:51 ::1 GET localhost/user 200 8ms
2015-12-26 23:26:51 ::1 GET localhost/user 200 6ms
2015-12-26 23:26:52 ::1 GET localhost/user 200 9ms
2015-12-26 23:26:52 ::1 GET localhost/user 200 7ms
2015-12-26 23:26:54 ::1 GET localhost/user 200 8ms
2015-12-26 23:27:00 ::1 GET localhost/user 200 7ms
2015-12-26 23:27:01 ::1 GET localhost/user 200 6ms
2015-12-26 23:27:02 ::1 GET localhost/user 200 6ms
2015-12-26 23:27:02 ::1 GET localhost/user 200 6ms
2015-12-26 23:27:03 ::1 GET localhost/user 200 7ms
2015-12-26 23:27:03 ::1 GET localhost/user 200 8ms
2015-12-26 23:27:04 ::1 GET localhost/user 200 6ms
2015-12-26 23:27:04 ::1 GET localhost/user 200 5ms
2015-12-26 23:27:05 ::1 GET localhost/user 200 6ms
2015-12-26 23:27:27 ::1 GET localhost/user 200 22ms
2015-12-26 23:27:30 ::1 GET localhost/user 200 10ms
2015-12-26 23:27:33 ::1 GET localhost/user 200 9ms
2015-12-26 23:28:41 ::ffff:127.0.0.1 GET localhost/user 200 36ms
2015-12-26 23:28:58 ::1 GET localhost/user 200 29ms
2015-12-26 23:29:12 ::1 GET localhost/user 200 27ms
2015-12-26 23:29:14 ::1 GET localhost/user 200 11ms
2015-12-26 23:29:14 ::1 GET localhost/user 200 21ms
2015-12-26 23:29:15 ::1 GET localhost/user 200 19ms
2015-12-26 23:29:15 ::1 GET localhost/user 200 10ms
2015-12-26 23:29:15 ::1 GET localhost/user 200 7ms
2015-12-26 23:29:16 ::1 GET localhost/user 200 5ms
2015-12-26 23:29:16 ::1 GET localhost/user 200 7ms
2015-12-27 10:49:23 ::ffff:127.0.0.1 GET localhost/ 200 85ms
2015-12-27 10:49:23 ::ffff:127.0.0.1 GET localhost/ 200 8ms
2015-12-27 10:49:23 ::ffff:127.0.0.1 GET localhost/favicon.ico 404 0ms
2015-12-27 10:49:41 ::ffff:127.0.0.1 GET localhost/ 200 4ms
2015-12-27 10:49:44 ::ffff:127.0.0.1 GET localhost/user 200 48ms
2015-12-27 10:49:52 ::ffff:127.0.0.1 GET localhost/user 200 10ms
2015-12-27 10:49:53 ::ffff:127.0.0.1 GET localhost/user 200 11ms
2015-12-27 10:49:54 ::ffff:127.0.0.1 GET localhost/user 200 11ms
2015-12-27 10:52:00 ::1 GET localhost/user 200 48ms
2015-12-27 10:52:49 ::1 GET localhost/user 200 25ms
2015-12-27 10:53:03 ::1 GET localhost/gen204?invalidResponse=q=https%3A%2F%2Ftranslate.googleapis.com%2Ftranslate_a%2Fsingle%3Fclient%3Dgtx%26s,ql=161,r=,rl=0 404 0ms
2015-12-27 10:53:04 ::1 GET localhost/gen204?invalidResponse=q=https%3A%2F%2Ftranslate.googleapis.com%2Ftranslate_a%2Fsingle%3Fclient%3Dgtx%26s,ql=163,r=,rl=0 404 1ms
2015-12-27 10:53:04 ::1 GET localhost/user 200 3ms
2015-12-27 10:53:06 ::1 GET localhost/user 200 2ms
2015-12-27 10:55:06 ::1 GET localhost/user 200 23ms
2015-12-27 10:55:15 ::1 GET localhost/user 200 21ms
2015-12-27 10:55:40 ::1 GET localhost/user 200 22ms
2015-12-27 11:02:35 ::ffff:127.0.0.1 GET localhost/user 200 29ms
2015-12-27 11:02:37 ::ffff:127.0.0.1 GET localhost/user 200 3ms
2015-12-27 11:02:40 ::ffff:127.0.0.1 GET localhost/user 200 1ms
2015-12-27 11:02:45 ::1 GET localhost/user 200 14ms
2015-12-27 11:03:13 ::1 GET localhost/user 404 13ms
2015-12-27 11:03:14 ::1 GET localhost/user 404 2ms
2015-12-27 11:03:15 ::1 GET localhost/user 404 1ms
2015-12-27 11:03:15 ::1 GET localhost/user 404 1ms
2015-12-27 11:03:15 ::1 GET localhost/user 404 0ms
2015-12-27 11:03:15 ::1 GET localhost/user 404 1ms
2015-12-27 11:03:15 ::1 GET localhost/user 404 1ms
2015-12-27 11:03:15 ::1 GET localhost/user 404 1ms
2015-12-27 11:03:16 ::1 GET localhost/user 404 0ms
2015-12-27 11:03:16 ::1 GET localhost/user 404 1ms
2015-12-27 11:03:16 ::1 GET localhost/user 404 0ms
2015-12-27 11:03:16 ::1 GET localhost/user 404 1ms
2015-12-27 11:03:16 ::1 GET localhost/user 404 1ms
2015-12-27 11:07:07 ::1 GET localhost/user 404 1ms
2015-12-27 11:07:09 ::1 GET localhost/user 404 0ms
2015-12-27 11:07:10 ::1 GET localhost/user 404 1ms
2015-12-27 11:07:15 ::1 GET localhost/user 404 1ms
2015-12-27 11:07:56 ::1 GET localhost/user 404 1ms
2015-12-27 11:10:20 ::1 GET localhost/user 200 16ms
2015-12-27 11:10:22 ::1 GET localhost/user 200 3ms
2015-12-27 11:10:22 ::1 GET localhost/user 200 1ms
2015-12-27 11:10:23 ::1 GET localhost/user 200 1ms
2015-12-27 11:10:24 ::1 GET localhost/user 200 1ms
2015-12-27 11:10:24 ::1 GET localhost/user 200 1ms
2015-12-27 11:10:24 ::1 GET localhost/user 200 1ms
2015-12-27 11:10:24 ::1 GET localhost/user 200 1ms
2015-12-27 11:10:24 ::1 GET localhost/user 200 1ms
2015-12-27 11:10:25 ::1 GET localhost/user 200 2ms
2015-12-27 11:10:25 ::1 GET localhost/user 200 1ms
2015-12-27 11:10:25 ::1 GET localhost/user 200 1ms
2015-12-27 11:10:25 ::1 GET localhost/user 200 2ms
2015-12-27 11:10:25 ::1 GET localhost/user 200 1ms
2015-12-27 11:10:25 ::1 GET localhost/user 200 2ms
2015-12-27 11:10:37 ::1 GET localhost/user 200 1ms
2015-12-27 11:10:37 ::1 GET localhost/user 200 1ms
2015-12-27 11:10:37 ::1 GET localhost/user 200 1ms
2015-12-27 11:10:37 ::1 GET localhost/user 200 2ms
2015-12-27 11:10:37 ::1 GET localhost/user 200 2ms
2015-12-27 11:10:38 ::1 GET localhost/user 200 1ms
2015-12-27 11:10:38 ::1 GET localhost/user 200 3ms
2015-12-27 11:10:38 ::1 GET localhost/user 200 2ms
2015-12-27 11:10:39 ::1 GET localhost/user 200 1ms
2015-12-27 11:11:02 ::1 GET localhost/user 200 1ms
2015-12-27 11:11:03 ::1 GET localhost/user 200 1ms
2015-12-27 11:11:03 ::1 GET localhost/user 200 12ms
2015-12-27 11:11:05 ::1 GET localhost/user 200 1ms
2015-12-27 11:11:05 ::1 GET localhost/user 200 1ms
2015-12-27 11:11:05 ::1 GET localhost/user 200 1ms
2015-12-27 11:11:05 ::1 GET localhost/user 200 2ms
2015-12-27 11:11:06 ::1 GET localhost/user 200 1ms
2015-12-27 11:11:10 ::1 GET localhost/user 200 2ms
2015-12-27 11:11:11 ::1 GET localhost/user 200 1ms
2015-12-27 11:11:12 ::1 GET localhost/user 200 2ms
2015-12-27 11:11:12 ::1 GET localhost/user 200 1ms
2015-12-27 11:11:12 ::1 GET localhost/user 200 1ms
2015-12-27 11:11:13 ::1 GET localhost/user 200 1ms
2015-12-27 11:11:13 ::1 GET localhost/user 200 1ms
2015-12-27 11:11:50 ::1 GET localhost/user 200 2ms
2015-12-27 11:11:52 ::1 GET localhost/user 200 2ms
2015-12-27 11:11:52 ::1 GET localhost/user 200 1ms
2015-12-27 11:11:53 ::1 GET localhost/user 200 1ms
2015-12-27 11:11:53 ::1 GET localhost/user 200 1ms
2015-12-27 11:11:54 ::1 GET localhost/user 200 1ms
2015-12-27 11:11:54 ::1 GET localhost/user 200 2ms
2015-12-27 11:11:54 ::1 GET localhost/user 200 2ms
2015-12-27 11:11:54 ::1 GET localhost/user 200 1ms
2015-12-27 11:11:54 ::1 GET localhost/user 200 1ms
2015-12-27 11:12:01 ::1 GET localhost/user 200 16ms
2015-12-27 11:12:03 ::1 GET localhost/user 200 3ms
2015-12-27 11:12:03 ::1 GET localhost/user 200 1ms
2015-12-27 11:12:05 ::1 GET localhost/user 200 2ms
2015-12-27 11:12:05 ::1 GET localhost/user 200 1ms
2015-12-27 11:12:06 ::1 GET localhost/user 200 2ms
2015-12-27 11:12:06 ::1 GET localhost/user 200 2ms
2015-12-27 11:12:06 ::1 GET localhost/user 200 2ms
2015-12-27 11:12:06 ::1 GET localhost/user 200 2ms
2015-12-27 11:12:11 ::1 GET localhost/user 200 2ms
2015-12-27 11:12:12 ::1 GET localhost/user 200 2ms
2015-12-27 11:12:14 ::1 GET localhost/user 200 1ms
2015-12-27 11:12:26 ::1 GET localhost/gen204?invalidResponse=q=https%3A%2F%2Ftranslate.googleapis.com%2Ftranslate_a%2Fsingle%3Fclient%3Dgtx%26s,ql=253,r=,rl=0 404 1ms
2015-12-27 11:12:27 ::1 GET localhost/user 200 2ms
2015-12-27 11:13:08 ::1 GET localhost/user 200 1ms
2015-12-27 11:13:09 ::1 GET localhost/user 200 2ms
2015-12-27 11:13:41 ::1 GET localhost/user 200 2ms
2015-12-27 11:13:44 ::1 GET localhost/user 200 1ms
2015-12-27 11:13:45 ::1 GET localhost/user 200 1ms
2015-12-27 11:13:48 ::1 GET localhost/user 200 1ms
2015-12-27 11:13:52 ::1 GET localhost/user 200 2ms
2015-12-27 11:13:53 ::1 GET localhost/user 200 1ms
2015-12-27 11:13:53 ::1 GET localhost/user 200 2ms
2015-12-27 11:23:31 ::ffff:127.0.0.1 GET localhost/user 200 47027ms
2015-12-27 11:25:34 ::1 GET localhost/user 200 22571ms
2015-12-27 11:27:01 ::ffff:127.0.0.1 GET localhost/user 200 15825ms
2015-12-27 11:27:24 ::1 GET localhost/user 200 14785ms
2015-12-27 11:28:06 ::ffff:127.0.0.1 GET localhost/user 200 13ms
2015-12-27 11:28:23 ::1 GET localhost/user 200 6ms
2015-12-27 11:28:26 ::1 GET localhost/user 200 1ms
2015-12-27 11:28:28 ::1 GET localhost/user 200 0ms
2015-12-27 11:29:30 ::1 GET localhost/user 200 10ms
2015-12-27 11:29:31 ::1 GET localhost/user 200 1ms
2015-12-27 11:29:56 ::1 GET localhost/user 200 12ms
2015-12-27 11:29:58 ::1 GET localhost/user 200 1ms
2015-12-27 11:29:59 ::1 GET localhost/user 200 0ms
2015-12-27 11:30:00 ::1 GET localhost/user 200 0ms
2015-12-27 11:30:00 ::1 GET localhost/user 200 1ms
2015-12-27 11:30:00 ::1 GET localhost/user 200 0ms
2015-12-27 11:30:00 ::1 GET localhost/user 200 1ms
2015-12-27 11:30:00 ::1 GET localhost/user 200 1ms
2015-12-27 11:30:07 ::1 GET localhost/user 200 1ms
2015-12-27 11:30:14 ::1 GET localhost/user 200 0ms
2015-12-27 11:30:14 ::1 GET localhost/user 200 0ms
2015-12-27 11:30:14 ::1 GET localhost/user 200 0ms
2015-12-27 11:30:14 ::1 GET localhost/user 200 0ms
2015-12-27 11:30:15 ::1 GET localhost/user 200 1ms
2015-12-27 11:30:15 ::1 GET localhost/user 200 1ms
2015-12-27 11:30:15 ::1 GET localhost/user 200 0ms
2015-12-27 11:30:19 ::1 GET localhost/user 200 1ms
2015-12-27 11:35:58 ::1 GET localhost/user 200 6ms
2015-12-27 11:35:59 ::1 GET localhost/user 200 1ms
2015-12-27 11:36:00 ::1 GET localhost/user 200 0ms
2015-12-27 11:36:00 ::1 GET localhost/user 200 1ms
2015-12-27 11:36:00 ::1 GET localhost/user 200 1ms
2015-12-27 11:36:00 ::1 GET localhost/user 200 1ms
2015-12-27 11:40:08 ::1 GET localhost/user 200 6ms
2015-12-27 11:40:09 ::1 GET localhost/user 200 1ms
2015-12-27 11:42:51 ::1 GET localhost/user 200 0ms
2015-12-27 11:56:36 ::ffff:127.0.0.1 GET localhost/user 200 4035ms
2015-12-27 11:56:42 ::ffff:127.0.0.1 GET localhost/user 200 1ms
2015-12-27 12:30:26 ::1 GET localhost/user 200 6ms
2015-12-27 12:32:47 ::1 GET localhost/user 200 5ms
2015-12-27 12:32:51 ::1 GET localhost/user 200 1ms
2015-12-27 12:34:40 ::ffff:127.0.0.1 GET localhost/user 200 16ms
2015-12-27 12:34:42 ::ffff:127.0.0.1 GET localhost/user 200 1ms
2015-12-27 12:34:44 ::ffff:127.0.0.1 GET localhost/user 200 0ms
2015-12-27 12:34:45 ::1 GET localhost/user 200 1ms
2015-12-27 12:38:36 ::1 GET localhost/user 200 35ms
2015-12-27 12:39:19 ::1 GET localhost/user 200 13ms
2015-12-27 12:39:22 ::1 GET localhost/user 200 6ms
2015-12-27 12:39:22 ::1 GET localhost/user 200 4ms
2015-12-27 12:40:40 ::ffff:127.0.0.1 GET localhost/user 200 66ms
2015-12-27 12:40:54 ::1 GET localhost/user 200 12ms
2015-12-27 12:41:38 ::1 GET localhost/user 200 12ms
2015-12-27 12:41:40 ::1 GET localhost/user 200 7ms
2015-12-27 12:41:40 ::1 GET localhost/user 200 5ms
2015-12-27 12:41:41 ::1 GET localhost/user 200 4ms
2015-12-27 12:41:41 ::1 GET localhost/user 200 6ms
2015-12-27 12:42:45 ::1 GET localhost/user 200 5ms
2015-12-27 12:42:47 ::1 GET localhost/user 200 3ms
2015-12-27 12:42:48 ::1 GET localhost/user 200 3ms
2015-12-27 12:42:48 ::1 GET localhost/user 200 5ms
2015-12-27 12:42:48 ::1 GET localhost/user 200 4ms
2015-12-27 12:42:49 ::1 GET localhost/user 200 3ms
2015-12-27 12:45:12 ::1 GET localhost/user 200 4ms
2015-12-27 12:45:13 ::1 GET localhost/user 200 4ms
2015-12-27 12:45:13 ::1 GET localhost/user 200 5ms
2015-12-27 12:45:14 ::1 GET localhost/user 200 4ms
2015-12-27 12:45:14 ::1 GET localhost/user 200 3ms
2015-12-27 12:45:27 ::1 GET localhost/user 200 3ms
2015-12-27 12:45:28 ::1 GET localhost/user 200 3ms
2015-12-27 12:45:29 ::1 GET localhost/user 200 4ms
2015-12-27 12:45:30 ::1 GET localhost/user 200 3ms
2015-12-27 12:45:31 ::1 GET localhost/user 200 4ms
2015-12-27 12:46:12 ::ffff:127.0.0.1 GET localhost/user 200 53ms
2015-12-27 12:46:15 ::ffff:127.0.0.1 GET localhost/user 200 6ms
2015-12-27 12:46:19 ::ffff:127.0.0.1 GET localhost/user 200 4ms
2015-12-27 12:46:21 ::ffff:127.0.0.1 GET localhost/user 200 4ms
2015-12-27 12:47:49 ::1 GET localhost/user 200 11ms
2015-12-27 12:47:51 ::1 GET localhost/user 200 6ms
2015-12-27 12:47:51 ::1 GET localhost/user 200 5ms
2015-12-27 12:47:52 ::1 GET localhost/user 200 4ms
2015-12-27 12:47:52 ::1 GET localhost/user 200 5ms
2015-12-27 12:48:09 ::1 GET localhost/user 200 12ms
2015-12-27 12:48:11 ::1 GET localhost/user 200 6ms
2015-12-27 12:53:32 ::ffff:127.0.0.1 GET localhost/user 200 25ms
2015-12-27 12:57:14 ::1 GET localhost/user 200 11ms
2015-12-27 13:08:31 ::1 GET localhost/ 200 44ms
2015-12-27 13:08:35 ::1 GET localhost/user 200 14ms
2015-12-27 13:08:35 ::1 GET localhost/user 200 10ms
2015-12-27 13:08:37 ::1 GET localhost/user 200 4ms
2015-12-27 13:08:37 ::1 GET localhost/user 200 4ms
2015-12-27 13:08:38 ::1 GET localhost/user 200 6ms
2015-12-27 13:08:39 ::1 GET localhost/user 200 5ms
2015-12-27 13:08:39 ::1 GET localhost/user 200 6ms
2015-12-27 13:08:40 ::1 GET localhost/user 200 3ms
2015-12-27 13:09:08 ::1 GET localhost/user 200 25ms
2015-12-27 13:09:55 ::1 GET localhost/user 200 24ms
2015-12-27 13:10:19 ::1 GET localhost/user 204 20ms
2015-12-27 13:10:45 ::1 GET localhost/user 204 23ms
2015-12-27 13:10:57 ::1 GET localhost/user 204 2ms
2015-12-27 13:10:57 ::1 GET localhost/user 204 1ms
2015-12-27 13:10:58 ::1 GET localhost/user 204 1ms
2015-12-27 13:10:58 ::1 GET localhost/user 204 1ms
2015-12-27 13:11:28 ::1 GET localhost/user 204 21ms
2015-12-27 13:11:29 ::1 GET localhost/user 204 2ms
2015-12-27 13:11:41 ::1 GET localhost/user 200 24ms
2015-12-27 13:11:42 ::1 GET localhost/user 200 7ms
2015-12-27 13:11:43 ::1 GET localhost/user 200 4ms
2015-12-27 13:11:44 ::1 GET localhost/user 200 4ms
2015-12-27 13:12:24 ::1 GET localhost/user 200 15ms
2015-12-27 13:12:25 ::1 GET localhost/user 200 2ms
2015-12-27 13:12:53 ::1 GET localhost/user 200 24ms
2015-12-27 13:12:55 ::1 GET localhost/user 200 6ms
2015-12-27 13:12:56 ::1 GET localhost/user 200 4ms
2015-12-27 13:12:56 ::1 GET localhost/user 200 3ms
2015-12-27 13:12:57 ::1 GET localhost/user 200 6ms
2015-12-27 13:12:57 ::1 GET localhost/user 200 3ms
2015-12-27 13:12:57 ::1 GET localhost/user 200 5ms
2015-12-27 13:13:06 ::1 GET localhost/user 200 15ms
2015-12-27 13:13:07 ::1 GET localhost/user 200 1ms
2015-12-27 13:13:08 ::1 GET localhost/user 200 1ms
2015-12-27 13:13:08 ::1 GET localhost/user 200 1ms
2015-12-27 13:14:09 ::1 GET localhost/user 200 25ms
2015-12-27 13:14:37 ::1 GET localhost/user 200 9ms
2015-12-27 13:14:40 ::1 GET localhost/user 200 5ms
2015-12-27 13:14:42 ::1 GET localhost/user 200 4ms
2015-12-27 13:33:56 ::1 GET localhost/user 200 3028ms
2015-12-27 13:45:04 ::ffff:127.0.0.1 GET localhost/user 200 25ms
2015-12-27 13:45:05 ::ffff:127.0.0.1 GET localhost/user 200 8ms
2015-12-27 13:45:06 ::ffff:127.0.0.1 GET localhost/user 200 4ms
2015-12-27 13:45:07 ::ffff:127.0.0.1 GET localhost/user 200 3ms
2015-12-27 13:45:08 ::ffff:127.0.0.1 GET localhost/user 200 6ms
2015-12-27 13:45:09 ::ffff:127.0.0.1 GET localhost/user 200 3ms
2015-12-27 13:45:15 ::1 GET localhost/user 200 18ms
2015-12-27 13:45:21 ::1 GET localhost/user 200 18ms
2015-12-27 13:45:22 ::1 GET localhost/user 200 8ms
2015-12-27 13:45:23 ::1 GET localhost/user 200 4ms
2015-12-27 13:45:34 ::1 GET localhost/user 200 19ms
2015-12-27 13:45:37 ::1 GET localhost/user 200 8ms
2015-12-27 13:46:15 ::1 GET localhost/user 404 3ms
2015-12-27 13:46:32 ::1 GET localhost/user 404 3ms
2015-12-27 13:46:41 ::1 GET localhost/user 404 4ms
2015-12-27 13:47:11 ::1 GET localhost/user 200 17ms
2015-12-27 13:47:35 ::1 GET localhost/user 200 17ms
2015-12-27 13:48:00 ::1 GET localhost/user 204 21ms
2015-12-27 13:48:34 ::1 GET localhost/user 404 4ms
2015-12-27 13:51:01 ::1 GET localhost/user 404 5ms
2015-12-27 13:51:20 ::1 GET localhost/user 404 4ms
2015-12-27 13:51:21 ::1 GET localhost/user 404 0ms
2015-12-27 13:51:22 ::1 GET localhost/user 404 0ms
2015-12-27 13:51:22 ::1 GET localhost/user 404 0ms
2015-12-27 13:51:24 ::1 GET localhost/user 404 0ms
2015-12-27 13:52:47 ::1 GET localhost/user 404 4ms
2015-12-27 13:52:49 ::1 GET localhost/user 404 1ms
2015-12-27 13:52:50 ::1 GET localhost/user 404 0ms
2015-12-27 13:53:04 ::1 GET localhost/user 404 4ms
2015-12-27 13:53:06 ::1 GET localhost/user 404 0ms
2015-12-27 13:53:06 ::1 GET localhost/user 404 0ms
2015-12-27 13:53:07 ::1 GET localhost/user 404 0ms
2015-12-27 14:01:18 ::1 GET localhost/user 404 4ms
2015-12-27 14:04:59 ::1 GET localhost/user 404 5ms
2015-12-27 14:05:02 ::1 GET localhost/user 404 0ms
2015-12-27 14:05:08 ::1 GET localhost/user 404 0ms
2015-12-27 14:05:13 ::1 GET localhost/user 404 0ms
2015-12-27 14:05:21 ::1 GET localhost/user 404 4ms
2015-12-27 14:05:23 ::1 GET localhost/user 404 0ms
2015-12-27 14:05:23 ::1 GET localhost/user 404 0ms
2015-12-27 14:05:26 ::1 GET localhost/user 404 0ms
2015-12-27 14:05:38 ::1 GET localhost/gen204?invalidResponse=q=https%3A%2F%2Ftranslate.googleapis.com%2Ftranslate_a%2Fsingle%3Fclient%3Dgtx%26s,ql=142,r=,rl=0 404 0ms
2015-12-27 14:05:42 ::1 GET localhost/user 404 0ms
2015-12-27 14:05:59 ::1 GET localhost/user 404 4ms
2015-12-27 14:06:51 ::1 GET localhost/user 404 4ms
2015-12-27 14:06:53 ::1 GET localhost/user 404 0ms
2015-12-27 14:06:56 ::1 GET localhost/user 404 0ms
2015-12-27 14:07:09 ::1 GET localhost/user 404 0ms
2015-12-27 14:07:51 ::1 GET localhost/user 404 5ms
2015-12-27 14:07:52 ::1 GET localhost/user 404 0ms
2015-12-27 14:08:05 ::1 GET localhost/user 200 17ms
2015-12-27 14:08:15 ::1 GET localhost/user 404 4ms
2015-12-27 14:08:50 ::1 GET localhost/user 200 18ms
2015-12-27 14:10:32 ::1 GET localhost/user 200 18ms
2015-12-27 14:10:37 ::1 GET localhost/user 200 9ms
2015-12-27 14:10:48 ::1 GET localhost/user 200 17ms
2015-12-27 14:11:00 ::1 GET localhost/user 200 9ms
2015-12-27 14:17:05 ::1 GET localhost/user 200 18ms
2015-12-27 14:17:28 ::1 GET localhost/user 200 9ms
2015-12-27 14:17:32 ::1 GET localhost/user 200 18ms
2015-12-27 14:17:42 ::1 GET localhost/user 200 17ms
2015-12-27 14:18:47 ::1 GET localhost/user 200 17ms
2015-12-27 14:18:53 ::1 GET localhost/user 200 17ms
2015-12-27 14:23:05 ::1 GET localhost/user 200 18ms
2015-12-27 14:23:06 ::1 GET localhost/user 200 8ms
2015-12-27 14:23:53 ::1 GET localhost/user 200 17ms
2015-12-27 14:23:53 ::1 GET localhost/user 200 8ms
2015-12-27 14:23:54 ::1 GET localhost/user 200 5ms
2015-12-27 14:23:55 ::1 GET localhost/user 200 3ms
2015-12-27 14:23:55 ::1 GET localhost/user 200 5ms
2015-12-27 14:23:55 ::1 GET localhost/user 200 3ms
2015-12-27 14:23:55 ::1 GET localhost/user 200 3ms
2015-12-27 14:24:07 ::1 GET localhost/user 200 18ms
2015-12-27 14:24:08 ::1 GET localhost/user 200 8ms
2015-12-27 14:24:08 ::1 GET localhost/user 200 4ms
2015-12-27 14:24:08 ::1 GET localhost/user 200 3ms
2015-12-27 14:24:16 ::1 GET localhost/user 200 18ms
2015-12-27 14:25:20 ::1 GET localhost/user 200 17ms
2015-12-27 14:25:24 ::1 GET localhost/user 200 8ms
2015-12-27 14:25:27 ::1 GET localhost/user 200 4ms
2015-12-27 14:25:58 ::1 GET localhost/user 200 27ms
2015-12-27 14:26:00 ::1 GET localhost/user 200 11ms
2015-12-27 14:26:00 ::1 GET localhost/user 200 5ms
2015-12-27 14:43:16 ::1 GET localhost/user 200 18ms
2015-12-27 14:43:22 ::1 GET localhost/userlll 404 0ms
2015-12-27 14:43:25 ::1 GET localhost/userlll 404 0ms
2015-12-27 14:43:25 ::1 GET localhost/userlll 404 0ms
2015-12-27 14:47:10 ::1 GET localhost/userlll 404 4ms
2015-12-27 14:51:20 ::ffff:127.0.0.1 GET localhost/userlll 404 4ms
2015-12-27 14:51:37 ::1 GET localhost/userlll 404 4ms
2015-12-27 14:53:02 ::1 GET localhost/userlll 404 4ms
2015-12-27 15:34:22 ::1 GET localhost/ 200 64ms
2015-12-27 15:34:22 ::1 GET localhost/ 200 11ms
2015-12-27 15:34:23 ::1 GET localhost/ 200 9ms
2015-12-27 15:34:23 ::1 GET localhost/ 200 5ms
2015-12-27 15:34:28 ::1 GET localhost/ 200 14ms
2015-12-27 15:34:28 ::1 GET localhost/ 200 11ms
2015-12-27 15:34:32 ::1 GET localhost/ 200 16ms
2015-12-27 15:34:32 ::1 GET localhost/ 200 4ms
2015-12-27 15:34:33 ::1 GET localhost/ 200 5ms
2015-12-27 15:34:33 ::1 GET localhost/ 200 2ms
2015-12-27 15:34:33 ::1 GET localhost/ 200 4ms
2015-12-27 15:34:33 ::1 GET localhost/ 200 2ms
2015-12-27 15:34:34 ::1 GET localhost/ 200 8ms
2015-12-27 15:34:34 ::1 GET localhost/ 200 4ms
2015-12-27 17:02:53 ::ffff:127.0.0.1 POST short.weixin.qq.comhttp://short.weixin.qq.com/cgi-bin/micromsg-bin/newsync 404 10ms
2015-12-27 17:02:53 ::ffff:127.0.0.1 POST short.weixin.qq.comhttp://short.weixin.qq.com/cgi-bin/micromsg-bin/newsync 404 2ms
2015-12-27 18:42:54 ::1 GET localhost/ 200 4ms
2015-12-27 18:42:54 ::1 GET localhost/ 200 40ms
2015-12-27 18:43:15 ::1 GET localhost/ 200 5ms
2015-12-27 18:43:15 ::1 GET localhost/ 200 9ms
2015-12-27 18:43:17 ::1 GET localhost/user 200 12ms
2015-12-27 18:43:17 ::1 GET localhost/user 200 5ms
2015-12-27 18:43:18 ::1 GET localhost/user 200 2ms
2015-12-27 18:44:43 ::1 GET localhost/user 200 14ms
2015-12-27 18:44:45 ::1 GET localhost/user 200 2ms
2015-12-27 18:44:46 ::1 GET localhost/user 200 1ms
2015-12-27 18:44:46 ::1 GET localhost/user 200 1ms
2015-12-27 18:44:46 ::1 GET localhost/user 200 1ms
2015-12-27 18:44:47 ::1 GET localhost/user 200 1ms
2015-12-27 18:44:47 ::1 GET localhost/user 200 1ms
2015-12-27 18:44:48 ::1 GET localhost/user 200 2ms
2015-12-27 18:44:56 ::1 GET localhost/user 200 2ms
2015-12-27 18:45:02 ::1 GET localhost/user 200 1ms
2015-12-27 18:45:02 ::1 GET localhost/user 200 0ms
2015-12-27 18:45:03 ::1 GET localhost/user 200 1ms
2015-12-27 18:45:17 ::1 GET localhost/user 200 14ms
2015-12-27 18:45:18 ::1 GET localhost/user 200 2ms
2015-12-27 18:45:19 ::1 GET localhost/user 200 1ms
2015-12-27 18:45:20 ::1 GET localhost/user 200 1ms
2015-12-27 18:45:20 ::1 GET localhost/user 200 1ms
2015-12-27 18:46:33 ::1 GET localhost/user 200 14ms
2015-12-27 18:46:34 ::1 GET localhost/user 200 2ms
2015-12-27 18:46:34 ::1 GET localhost/user 200 1ms
2015-12-27 18:46:35 ::1 GET localhost/user 200 1ms
2015-12-27 18:46:35 ::1 GET localhost/user 200 1ms
2015-12-27 18:46:35 ::1 GET localhost/user 200 2ms
2015-12-27 18:46:36 ::1 GET localhost/user 200 2ms
2015-12-27 18:46:38 ::1 GET localhost/user 200 1ms
2015-12-27 18:46:39 ::1 GET localhost/user 200 1ms
2015-12-27 18:46:44 ::1 GET localhost/user 200 1ms
2015-12-27 18:46:45 ::1 GET localhost/user 200 1ms
2015-12-27 18:47:05 ::1 GET localhost/user 200 14ms
2015-12-27 18:47:06 ::1 GET localhost/user 200 2ms
2015-12-27 18:47:19 ::1 GET localhost/user 204 13ms
2015-12-27 18:47:20 ::1 GET localhost/user 204 2ms
2015-12-27 18:47:26 ::1 GET localhost/user 200 14ms
2015-12-27 18:47:33 ::1 GET localhost/user 200 13ms
2015-12-27 18:47:33 ::1 GET localhost/user 200 3ms
2015-12-27 18:47:59 ::ffff:127.0.0.1 GET localhost/user 200 15ms
2015-12-27 18:48:07 ::1 GET localhost/user 200 14ms
2015-12-27 18:49:53 ::1 GET localhost/user 200 10026ms
2015-12-27 18:50:15 ::1 GET localhost/user 200 10003ms
2015-12-27 19:00:03 ::1 GET localhost/user 200 10026ms
2015-12-27 19:18:58 ::1 GET localhost/user 200 10025ms
2015-12-27 19:20:40 ::1 GET localhost/user 200 16ms
2015-12-27 19:21:21 ::1 GET localhost/user 200 16ms
2015-12-27 19:21:24 ::1 GET localhost/user 200 3ms
2015-12-27 19:21:25 ::1 GET localhost/user 200 2ms
2015-12-27 19:21:25 ::1 GET localhost/user 200 1ms
2015-12-27 19:21:26 ::1 GET localhost/user 200 1ms
2015-12-27 19:21:26 ::1 GET localhost/user 200 1ms
2015-12-27 19:21:26 ::1 GET localhost/user 200 2ms
2015-12-27 19:21:27 ::1 GET localhost/user 200 2ms
2015-12-27 19:21:27 ::1 GET localhost/user 200 1ms
2015-12-27 19:21:48 ::1 GET localhost/user 200 2ms
2015-12-27 19:21:54 ::1 GET localhost/user 200 1ms
2015-12-27 19:21:55 ::1 GET localhost/user 200 2ms
2015-12-27 19:22:13 ::1 GET localhost/user 200 1ms
2015-12-27 19:22:14 ::1 GET localhost/user 200 1ms
2015-12-27 19:22:14 ::1 GET localhost/user 200 0ms
2015-12-27 19:23:10 ::ffff:127.0.0.1 GET localhost/user 200 9ms
2015-12-27 19:23:12 ::ffff:127.0.0.1 GET localhost/user 200 1ms
2015-12-27 19:23:13 ::ffff:127.0.0.1 GET localhost/user 200 1ms
2015-12-27 19:23:14 ::ffff:127.0.0.1 GET localhost/user 200 0ms
2015-12-27 19:23:15 ::ffff:127.0.0.1 GET localhost/user 200 0ms
2015-12-27 19:23:22 ::1 GET localhost/user 200 9ms
2015-12-27 19:23:27 ::1 GET localhost/user 200 1ms
2015-12-27 19:23:28 ::1 GET localhost/user 200 0ms
2015-12-27 19:23:43 ::1 GET localhost/user 200 7ms
2015-12-27 19:23:45 ::1 GET localhost/user 200 1ms
2015-12-27 19:23:46 ::1 GET localhost/user 200 1ms
2015-12-27 19:23:47 ::1 GET localhost/user 200 1ms
2015-12-27 19:23:48 ::1 GET localhost/user 200 0ms
2015-12-27 19:23:53 ::1 GET localhost/user 200 7ms
2015-12-27 19:23:54 ::1 GET localhost/user 200 1ms
2015-12-27 19:23:55 ::1 GET localhost/user 200 1ms
2015-12-27 19:23:55 ::1 GET localhost/user 200 0ms
2015-12-27 19:24:07 ::1 GET localhost/user 200 8ms
2015-12-27 19:24:08 ::1 GET localhost/user 200 1ms
2015-12-27 19:24:16 ::1 GET localhost/user 404 8ms
2015-12-27 19:24:17 ::1 GET localhost/user 404 1ms
2015-12-27 19:24:17 ::1 GET localhost/user 404 0ms
2015-12-27 19:24:18 ::1 GET localhost/user 404 1ms
2015-12-27 19:24:18 ::1 GET localhost/user 404 1ms
2015-12-27 19:24:18 ::1 GET localhost/user 404 0ms
2015-12-27 19:24:19 ::1 GET localhost/user 404 1ms
2015-12-27 19:24:29 ::1 GET localhost/user 404 7ms
2015-12-27 19:24:30 ::1 GET localhost/user 404 1ms
2015-12-27 19:24:35 ::1 GET localhost/user 200 10ms
2015-12-27 19:24:36 ::1 GET localhost/user 200 1ms
2015-12-27 19:24:36 ::1 GET localhost/user 200 0ms
2015-12-27 19:25:50 ::1 GET localhost/user 200 10ms
2015-12-27 19:25:50 ::1 GET localhost/user 200 1ms
2015-12-27 19:25:51 ::1 GET localhost/user 200 1ms
2015-12-27 19:25:51 ::1 GET localhost/user 200 1ms
2015-12-27 19:25:51 ::1 GET localhost/user 200 1ms
2015-12-27 19:25:53 ::1 GET localhost/user 200 1ms
2015-12-27 19:25:53 ::1 GET localhost/user 200 0ms
2015-12-27 19:25:54 ::1 GET localhost/user 200 1ms
2015-12-27 19:25:54 ::1 GET localhost/user 200 1ms
2015-12-27 19:25:54 ::1 GET localhost/user 200 1ms
2015-12-27 19:34:07 ::1 GET localhost/user 200 16ms
2015-12-27 19:34:11 ::1 GET localhost/user 200 1ms
2015-12-27 19:34:25 ::1 GET localhost/user 200 16ms
2015-12-27 19:35:18 ::1 GET localhost/user 200 16ms
2015-12-27 19:35:20 ::1 GET localhost/user 200 2ms
2015-12-27 19:38:24 ::1 GET localhost/user 200 9ms
2015-12-27 19:38:39 ::1 GET localhost/user 200 8ms
2015-12-27 19:38:42 ::1 GET localhost/user 200 1ms
2015-12-27 19:38:51 ::1 GET localhost/user 200 8ms
2015-12-27 19:39:12 ::1 GET localhost/user 200 1ms
2015-12-27 19:41:29 ::1 GET localhost/user 200 10ms
2015-12-27 19:42:15 ::1 GET localhost/user 200 15ms
2015-12-27 19:42:18 ::1 GET localhost/user 200 2ms
2015-12-27 19:42:20 ::1 GET localhost/user 200 1ms
2015-12-27 19:42:21 ::1 GET localhost/user 200 1ms
2015-12-27 19:42:39 ::1 GET localhost/user 200 9ms
2015-12-27 19:42:40 ::1 GET localhost/user 200 1ms
2015-12-27 19:42:41 ::1 GET localhost/user 200 0ms
2015-12-27 19:42:53 ::1 GET localhost/user 200 9ms
2015-12-27 19:42:55 ::1 GET localhost/user 200 1ms
2015-12-27 19:42:56 ::1 GET localhost/user 200 0ms
2015-12-27 19:42:57 ::1 GET localhost/user 200 1ms
2015-12-27 19:42:58 ::1 GET localhost/user 200 1ms
2015-12-27 19:42:58 ::1 GET localhost/user 200 1ms
2015-12-27 19:42:58 ::1 GET localhost/user 200 1ms
2015-12-27 19:43:07 ::1 GET localhost/user 200 7ms
2015-12-27 19:43:13 ::1 GET localhost/user 200 10ms
2015-12-27 19:43:13 ::1 GET localhost/user 200 1ms
2015-12-27 19:43:19 ::1 GET localhost/user 200 17ms
2015-12-27 19:43:21 ::1 GET localhost/user 200 1ms
2015-12-27 19:43:25 ::1 GET localhost/user 200 0ms
2015-12-27 19:43:59 ::1 GET localhost/user 200 15ms
2015-12-27 19:44:01 ::1 GET localhost/user 200 1ms
2015-12-27 19:44:10 ::1 GET localhost/user 200 9ms
2015-12-27 19:44:11 ::1 GET localhost/user 200 1ms
2015-12-27 19:46:09 ::1 GET localhost/user 200 7ms
2015-12-27 19:46:11 ::1 GET localhost/user 200 1ms
2015-12-27 19:46:17 ::1 GET localhost/user 404 15ms
2015-12-27 19:46:20 ::1 GET localhost/user 404 1ms
2015-12-27 19:48:07 ::1 GET localhost/user 404 16ms
2015-12-27 19:48:08 ::1 GET localhost/user 404 1ms
2015-12-27 19:48:09 ::1 GET localhost/user 404 1ms
2015-12-27 19:48:09 ::1 GET localhost/user 404 1ms
2015-12-27 19:53:51 ::1 GET localhost/user 200 8ms
2015-12-27 19:53:52 ::1 GET localhost/user 200 1ms
2015-12-27 19:53:53 ::1 GET localhost/user 200 1ms
2015-12-27 19:53:53 ::1 GET localhost/user 200 0ms
2015-12-27 19:53:59 ::1 GET localhost/user 200 0ms
2015-12-27 19:53:59 ::1 GET localhost/user 200 1ms
2015-12-27 19:54:00 ::1 GET localhost/user 200 1ms
2015-12-27 19:54:26 ::1 GET localhost/user 200 8ms
2015-12-27 19:54:26 ::1 GET localhost/user 200 1ms
2015-12-27 19:54:26 ::1 GET localhost/user 200 1ms
2015-12-27 19:54:27 ::1 GET localhost/user 200 1ms
2015-12-27 19:54:27 ::1 GET localhost/user 200 0ms
2015-12-27 19:54:27 ::1 GET localhost/user 200 1ms
2015-12-27 19:55:23 ::1 GET localhost/user 404 3ms
2015-12-27 19:55:34 ::1 GET localhost/user 404 3ms
2015-12-27 19:55:35 ::1 GET localhost/user 404 0ms
2015-12-27 19:55:36 ::1 GET localhost/user 404 0ms
2015-12-27 19:55:49 ::1 GET localhost/user 404 3ms
2015-12-27 19:55:51 ::1 GET localhost/user 404 0ms
2015-12-27 19:55:52 ::1 GET localhost/user 404 0ms
2015-12-27 19:55:52 ::1 GET localhost/user 404 0ms
2015-12-27 19:55:52 ::1 GET localhost/user 404 0ms
2015-12-27 19:56:04 ::1 GET localhost/user 404 3ms
2015-12-27 19:56:07 ::1 GET localhost/user 404 0ms
2015-12-27 19:56:12 ::1 GET localhost/user 404 0ms
2015-12-27 19:56:14 ::1 GET localhost/user 404 1ms
2015-12-27 19:56:14 ::1 GET localhost/user 404 0ms
2015-12-27 19:56:22 ::1 GET localhost/user 404 0ms
2015-12-27 19:56:22 ::1 GET localhost/user 404 0ms
2015-12-27 19:56:23 ::1 GET localhost/user 404 0ms
2015-12-27 19:56:24 ::1 GET localhost/user 404 0ms
2015-12-27 19:56:25 ::1 GET localhost/user 404 0ms
2015-12-27 19:56:27 ::1 GET localhost/user 404 0ms
2015-12-27 19:56:28 ::1 GET localhost/user 404 0ms
2015-12-27 19:56:28 ::1 GET localhost/user 404 0ms
2015-12-27 19:56:29 ::1 GET localhost/user 404 0ms
2015-12-27 20:26:01 ::1 GET localhost/user 404 3ms
2015-12-27 20:26:04 ::1 GET localhost/user 404 0ms
